# JRE version: Java(TM) SE Runtime Environment (8.0_202-b08) (build 1.8.0_202-b08)
# Java VM: Java HotSpot(TM) 64-Bit Server VM (25.202-b08 mixed mode windows-amd64 compressed oops)
Heap:
 PSYoungGen      total 37888K, used 896K [0x00000000d5c00000, 0x00000000d8280000, 0x0000000100000000)
  eden space 36352K, 0% used [0x00000000d5c00000,0x00000000d5c00000,0x00000000d7f80000)
  from space 1536K, 58% used [0x00000000d7f80000,0x00000000d8060000,0x00000000d8100000)
  to   space 1536K, 0% used [0x00000000d8100000,0x00000000d8100000,0x00000000d8280000)
 ParOldGen       total 134144K, used 49476K [0x0000000081400000, 0x0000000089700000, 0x00000000d5c00000)
  object space 134144K, 36% used [0x0000000081400000,0x0000000084451398,0x0000000089700000)
 Metaspace       used 90019K, capacity 93668K, committed 94208K, reserved 1132544K
  class space    used 9433K, capacity 10101K, committed 10240K, reserved 1048576K
GC Heap History (10 events):
Event: 98574.367 GC heap after
Heap after GC invocations=10199 (full 6):
 PSYoungGen      total 37888K, used 864K [0x00000000d5c00000, 0x00000000d8280000, 0x0000000100000000)
  eden space 36352K, 0% used [0x00000000d5c00000,0x00000000d5c00000,0x00000000d7f80000)
  from space 1536K, 56% used [0x00000000d7f80000,0x00000000d8058000,0x00000000d8100000)
  to   space 1536K, 0% used [0x00000000d8100000,0x00000000d8100000,0x00000000d8280000)
 ParOldGen       total 134144K, used 49452K [0x0000000081400000, 0x0000000089700000, 0x00000000d5c00000)
  object space 134144K, 36% used [0x0000000081400000,0x000000008444b398,0x0000000089700000)
 Metaspace       used 89933K, capacity 93662K, committed 94208K, reserved 1132544K
  class space    used 9430K, capacity 10099K, committed 10240K, reserved 1048576K
}
Event: 98586.238 GC heap before
{Heap before GC invocations=10200 (full 6):
 PSYoungGen      total 37888K, used 37216K [0x00000000d5c00000, 0x00000000d8280000, 0x0000000100000000)
  eden space 36352K, 100% used [0x00000000d5c00000,0x00000000d7f80000,0x00000000d7f80000)
  from space 1536K, 56% used [0x00000000d7f80000,0x00000000d8058000,0x00000000d8100000)
  to   space 1536K, 0% used [0x00000000d8100000,0x00000000d8100000,0x00000000d8280000)
 ParOldGen       total 134144K, used 49452K [0x0000000081400000, 0x0000000089700000, 0x00000000d5c00000)
  object space 134144K, 36% used [0x0000000081400000,0x000000008444b398,0x0000000089700000)
 Metaspace       used 89933K, capacity 93662K, committed 94208K, reserved 1132544K
  class space    used 9430K, capacity 10099K, committed 10240K, reserved 1048576K
Event: 98586.241 GC heap after
Heap after GC invocations=10200 (full 6):
 PSYoungGen      total 37888K, used 864K [0x00000000d5c00000, 0x00000000d8280000, 0x0000000100000000)
  eden space 36352K, 0% used [0x00000000d5c00000,0x00000000d5c00000,0x00000000d7f80000)
  from space 1536K, 56% used [0x00000000d8100000,0x00000000d81d8000,0x00000000d8280000)
  to   space 1536K, 0% used [0x00000000d7f80000,0x00000000d7f80000,0x00000000d8100000)
 ParOldGen       total 134144K, used 49476K [0x0000000081400000, 0x0000000089700000, 0x00000000d5c00000)
  object space 134144K, 36% used [0x0000000081400000,0x0000000084451398,0x0000000089700000)
 Metaspace       used 89933K, capacity 93662K, committed 94208K, reserved 1132544K
  class space    used 9430K, capacity 10099K, committed 10240K, reserved 1048576K
}
Event: 98598.764 GC heap before
{Heap before GC invocations=10201 (full 6):
 PSYoungGen      total 37888K, used 37216K [0x00000000d5c00000, 0x00000000d8280000, 0x0000000100000000)
  eden space 36352K, 100% used [0x00000000d5c00000,0x00000000d7f80000,0x00000000d7f80000)
  from space 1536K, 56% used [0x00000000d8100000,0x00000000d81d8000,0x00000000d8280000)
  to   space 1536K, 0% used [0x00000000d7f80000,0x00000000d7f80000,0x00000000d8100000)
 ParOldGen       total 134144K, used 49476K [0x0000000081400000, 0x0000000089700000, 0x00000000d5c00000)
  object space 134144K, 36% used [0x0000000081400000,0x0000000084451398,0x0000000089700000)
 Metaspace       used 89933K, capacity 93662K, committed 94208K, reserved 1132544K
  class space    used 9430K, capacity 10099K, committed 10240K, reserved 1048576K
Event: 98598.767 GC heap after
Heap after GC invocations=10201 (full 6):
 PSYoungGen      total 37888K, used 608K [0x00000000d5c00000, 0x00000000d8280000, 0x0000000100000000)
  eden space 36352K, 0% used [0x00000000d5c00000,0x00000000d5c00000,0x00000000d7f80000)
  from space 1536K, 39% used [0x00000000d7f80000,0x00000000d8018000,0x00000000d8100000)
  to   space 1536K, 0% used [0x00000000d8100000,0x00000000d8100000,0x00000000d8280000)
 ParOldGen       total 134144K, used 49476K [0x0000000081400000, 0x0000000089700000, 0x00000000d5c00000)
  object space 134144K, 36% used [0x0000000081400000,0x0000000084451398,0x0000000089700000)
 Metaspace       used 89933K, capacity 93662K, committed 94208K, reserved 1132544K
  class space    used 9430K, capacity 10099K, committed 10240K, reserved 1048576K
}
Event: 98611.069 GC heap before
{Heap before GC invocations=10202 (full 6):
 PSYoungGen      total 37888K, used 36960K [0x00000000d5c00000, 0x00000000d8280000, 0x0000000100000000)
  eden space 36352K, 100% used [0x00000000d5c00000,0x00000000d7f80000,0x00000000d7f80000)
  from space 1536K, 39% used [0x00000000d7f80000,0x00000000d8018000,0x00000000d8100000)
  to   space 1536K, 0% used [0x00000000d8100000,0x00000000d8100000,0x00000000d8280000)
 ParOldGen       total 134144K, used 49476K [0x0000000081400000, 0x0000000089700000, 0x00000000d5c00000)
  object space 134144K, 36% used [0x0000000081400000,0x0000000084451398,0x0000000089700000)
 Metaspace       used 89933K, capacity 93662K, committed 94208K, reserved 1132544K
  class space    used 9430K, capacity 10099K, committed 10240K, reserved 1048576K
Event: 98611.071 GC heap after
Heap after GC invocations=10202 (full 6):
 PSYoungGen      total 37888K, used 800K [0x00000000d5c00000, 0x00000000d8280000, 0x0000000100000000)
  eden space 36352K, 0% used [0x00000000d5c00000,0x00000000d5c00000,0x00000000d7f80000)
  from space 1536K, 52% used [0x00000000d8100000,0x00000000d81c8000,0x00000000d8280000)
  to   space 1536K, 0% used [0x00000000d7f80000,0x00000000d7f80000,0x00000000d8100000)
 ParOldGen       total 134144K, used 49476K [0x0000000081400000, 0x0000000089700000, 0x00000000d5c00000)
  object space 134144K, 36% used [0x0000000081400000,0x0000000084451398,0x0000000089700000)
 Metaspace       used 89933K, capacity 93662K, committed 94208K, reserved 1132544K
  class space    used 9430K, capacity 10099K, committed 10240K, reserved 1048576K
}
Event: 98617.483 GC heap before
{Heap before GC invocations=10203 (full 6):
 PSYoungGen      total 37888K, used 24764K [0x00000000d5c00000, 0x00000000d8280000, 0x0000000100000000)
  eden space 36352K, 65% used [0x00000000d5c00000,0x00000000d7367228,0x00000000d7f80000)
  from space 1536K, 52% used [0x00000000d8100000,0x00000000d81c8000,0x00000000d8280000)
  to   space 1536K, 0% used [0x00000000d7f80000,0x00000000d7f80000,0x00000000d8100000)
 ParOldGen       total 134144K, used 49476K [0x0000000081400000, 0x0000000089700000, 0x00000000d5c00000)
  object space 134144K, 36% used [0x0000000081400000,0x0000000084451398,0x0000000089700000)
 Metaspace       used 90019K, capacity 93668K, committed 94208K, reserved 1132544K
  class space    used 9433K, capacity 10101K, committed 10240K, reserved 1048576K
Event: 98617.485 GC heap after
Heap after GC invocations=10203 (full 6):
 PSYoungGen      total 37888K, used 896K [0x00000000d5c00000, 0x00000000d8280000, 0x0000000100000000)
  eden space 36352K, 0% used [0x00000000d5c00000,0x00000000d5c00000,0x00000000d7f80000)
  from space 1536K, 58% used [0x00000000d7f80000,0x00000000d8060000,0x00000000d8100000)
  to   space 1536K, 0% used [0x00000000d8100000,0x00000000d8100000,0x00000000d8280000)
 ParOldGen       total 134144K, used 49476K [0x0000000081400000, 0x0000000089700000, 0x00000000d5c00000)
  object space 134144K, 36% used [0x0000000081400000,0x0000000084451398,0x0000000089700000)
 Metaspace       used 90019K, capacity 93668K, committed 94208K, reserved 1132544K
  class space    used 9433K, capacity 10101K, committed 10240K, reserved 1048576K
}
Event: 98617.485 GC heap before
{Heap before GC invocations=10204 (full 7):
 PSYoungGen      total 37888K, used 896K [0x00000000d5c00000, 0x00000000d8280000, 0x0000000100000000)
  eden space 36352K, 0% used [0x00000000d5c00000,0x00000000d5c00000,0x00000000d7f80000)
  from space 1536K, 58% used [0x00000000d7f80000,0x00000000d8060000,0x00000000d8100000)
  to   space 1536K, 0% used [0x00000000d8100000,0x00000000d8100000,0x00000000d8280000)
 ParOldGen       total 134144K, used 49476K [0x0000000081400000, 0x0000000089700000, 0x00000000d5c00000)
  object space 134144K, 36% used [0x0000000081400000,0x0000000084451398,0x0000000089700000)
 Metaspace       used 90019K, capacity 93668K, committed 94208K, reserved 1132544K
  class space    used 9433K, capacity 10101K, committed 10240K, reserved 1048576K

