# JRE version: Java(TM) SE Runtime Environment (8.0_202-b08) (build 1.8.0_202-b08)
# Java VM: Java HotSpot(TM) 64-Bit Server VM (25.202-b08 mixed mode windows-amd64 compressed oops)
Heap:
 PSYoungGen      total 49152K, used 45431K [0x00000000d5c00000, 0x00000000d9e80000, 0x0000000100000000)
  eden space 40448K, 90% used [0x00000000d5c00000,0x00000000d7fe4128,0x00000000d8380000)
  from space 8704K, 99% used [0x00000000d8380000,0x00000000d8bf9e98,0x00000000d8c00000)
  to   space 11264K, 0% used [0x00000000d9380000,0x00000000d9380000,0x00000000d9e80000)
 ParOldGen       total 122880K, used 32757K [0x0000000081400000, 0x0000000088c00000, 0x00000000d5c00000)
  object space 122880K, 26% used [0x0000000081400000,0x00000000833fd670,0x0000000088c00000)
 Metaspace       used 79408K, capacity 85117K, committed 85376K, reserved 1124352K
  class space    used 9516K, capacity 10435K, committed 10624K, reserved 1048576K
GC Heap History (10 events):
Event: 26381.273 GC heap before
{Heap before GC invocations=2225 (full 6):
 PSYoungGen      total 36352K, used 36330K [0x00000000d5c00000, 0x00000000d8580000, 0x0000000100000000)
  eden space 33792K, 99% used [0x00000000d5c00000,0x00000000d7cfaa40,0x00000000d7d00000)
  from space 2560K, 100% used [0x00000000d8080000,0x00000000d8300000,0x00000000d8300000)
  to   space 3584K, 0% used [0x00000000d7d00000,0x00000000d7d00000,0x00000000d8080000)
 ParOldGen       total 122880K, used 25465K [0x0000000081400000, 0x0000000088c00000, 0x00000000d5c00000)
  object space 122880K, 20% used [0x0000000081400000,0x0000000082cde678,0x0000000088c00000)
 Metaspace       used 78555K, capacity 84137K, committed 84480K, reserved 1124352K
  class space    used 9446K, capacity 10361K, committed 10496K, reserved 1048576K
Event: 26381.297 GC heap after
Heap after GC invocations=2225 (full 6):
 PSYoungGen      total 37376K, used 3584K [0x00000000d5c00000, 0x00000000d8900000, 0x0000000100000000)
  eden space 33792K, 0% used [0x00000000d5c00000,0x00000000d5c00000,0x00000000d7d00000)
  from space 3584K, 100% used [0x00000000d7d00000,0x00000000d8080000,0x00000000d8080000)
  to   space 4608K, 0% used [0x00000000d8480000,0x00000000d8480000,0x00000000d8900000)
 ParOldGen       total 122880K, used 26889K [0x0000000081400000, 0x0000000088c00000, 0x00000000d5c00000)
  object space 122880K, 21% used [0x0000000081400000,0x0000000082e42610,0x0000000088c00000)
 Metaspace       used 78555K, capacity 84137K, committed 84480K, reserved 1124352K
  class space    used 9446K, capacity 10361K, committed 10496K, reserved 1048576K
}
Event: 26381.314 GC heap before
{Heap before GC invocations=2226 (full 6):
 PSYoungGen      total 37376K, used 37376K [0x00000000d5c00000, 0x00000000d8900000, 0x0000000100000000)
  eden space 33792K, 100% used [0x00000000d5c00000,0x00000000d7d00000,0x00000000d7d00000)
  from space 3584K, 100% used [0x00000000d7d00000,0x00000000d8080000,0x00000000d8080000)
  to   space 4608K, 0% used [0x00000000d8480000,0x00000000d8480000,0x00000000d8900000)
 ParOldGen       total 122880K, used 26889K [0x0000000081400000, 0x0000000088c00000, 0x00000000d5c00000)
  object space 122880K, 21% used [0x0000000081400000,0x0000000082e42610,0x0000000088c00000)
 Metaspace       used 78555K, capacity 84137K, committed 84480K, reserved 1124352K
  class space    used 9446K, capacity 10361K, committed 10496K, reserved 1048576K
Event: 26381.319 GC heap after
Heap after GC invocations=2226 (full 6):
 PSYoungGen      total 40960K, used 3901K [0x00000000d5c00000, 0x00000000d8c00000, 0x0000000100000000)
  eden space 36352K, 0% used [0x00000000d5c00000,0x00000000d5c00000,0x00000000d7f80000)
  from space 4608K, 84% used [0x00000000d8480000,0x00000000d884f708,0x00000000d8900000)
  to   space 5120K, 0% used [0x00000000d7f80000,0x00000000d7f80000,0x00000000d8480000)
 ParOldGen       total 122880K, used 26889K [0x0000000081400000, 0x0000000088c00000, 0x00000000d5c00000)
  object space 122880K, 21% used [0x0000000081400000,0x0000000082e42610,0x0000000088c00000)
 Metaspace       used 78555K, capacity 84137K, committed 84480K, reserved 1124352K
  class space    used 9446K, capacity 10361K, committed 10496K, reserved 1048576K
}
Event: 26381.631 GC heap before
{Heap before GC invocations=2227 (full 6):
 PSYoungGen      total 40960K, used 40253K [0x00000000d5c00000, 0x00000000d8c00000, 0x0000000100000000)
  eden space 36352K, 100% used [0x00000000d5c00000,0x00000000d7f80000,0x00000000d7f80000)
  from space 4608K, 84% used [0x00000000d8480000,0x00000000d884f708,0x00000000d8900000)
  to   space 5120K, 0% used [0x00000000d7f80000,0x00000000d7f80000,0x00000000d8480000)
 ParOldGen       total 122880K, used 26889K [0x0000000081400000, 0x0000000088c00000, 0x00000000d5c00000)
  object space 122880K, 21% used [0x0000000081400000,0x0000000082e42610,0x0000000088c00000)
 Metaspace       used 78672K, capacity 84283K, committed 84480K, reserved 1124352K
  class space    used 9457K, capacity 10364K, committed 10496K, reserved 1048576K
Event: 26381.653 GC heap after
Heap after GC invocations=2227 (full 6):
 PSYoungGen      total 41472K, used 5095K [0x00000000d5c00000, 0x00000000d9300000, 0x0000000100000000)
  eden space 36352K, 0% used [0x00000000d5c00000,0x00000000d5c00000,0x00000000d7f80000)
  from space 5120K, 99% used [0x00000000d7f80000,0x00000000d8479e88,0x00000000d8480000)
  to   space 7168K, 0% used [0x00000000d8c00000,0x00000000d8c00000,0x00000000d9300000)
 ParOldGen       total 122880K, used 29213K [0x0000000081400000, 0x0000000088c00000, 0x00000000d5c00000)
  object space 122880K, 23% used [0x0000000081400000,0x0000000083087660,0x0000000088c00000)
 Metaspace       used 78672K, capacity 84283K, committed 84480K, reserved 1124352K
  class space    used 9457K, capacity 10364K, committed 10496K, reserved 1048576K
}
Event: 26382.090 GC heap before
{Heap before GC invocations=2228 (full 6):
 PSYoungGen      total 41472K, used 41447K [0x00000000d5c00000, 0x00000000d9300000, 0x0000000100000000)
  eden space 36352K, 100% used [0x00000000d5c00000,0x00000000d7f80000,0x00000000d7f80000)
  from space 5120K, 99% used [0x00000000d7f80000,0x00000000d8479e88,0x00000000d8480000)
  to   space 7168K, 0% used [0x00000000d8c00000,0x00000000d8c00000,0x00000000d9300000)
 ParOldGen       total 122880K, used 29213K [0x0000000081400000, 0x0000000088c00000, 0x00000000d5c00000)
  object space 122880K, 23% used [0x0000000081400000,0x0000000083087660,0x0000000088c00000)
 Metaspace       used 79253K, capacity 84875K, committed 84992K, reserved 1124352K
  class space    used 9494K, capacity 10404K, committed 10496K, reserved 1048576K
Event: 26382.105 GC heap after
Heap after GC invocations=2228 (full 6):
 PSYoungGen      total 47616K, used 7143K [0x00000000d5c00000, 0x00000000d9580000, 0x0000000100000000)
  eden space 40448K, 0% used [0x00000000d5c00000,0x00000000d5c00000,0x00000000d8380000)
  from space 7168K, 99% used [0x00000000d8c00000,0x00000000d92f9e88,0x00000000d9300000)
  to   space 8704K, 0% used [0x00000000d8380000,0x00000000d8380000,0x00000000d8c00000)
 ParOldGen       total 122880K, used 30437K [0x0000000081400000, 0x0000000088c00000, 0x00000000d5c00000)
  object space 122880K, 24% used [0x0000000081400000,0x00000000831b9660,0x0000000088c00000)
 Metaspace       used 79253K, capacity 84875K, committed 84992K, reserved 1124352K
  class space    used 9494K, capacity 10404K, committed 10496K, reserved 1048576K
}
Event: 26382.584 GC heap before
{Heap before GC invocations=2229 (full 6):
 PSYoungGen      total 47616K, used 47591K [0x00000000d5c00000, 0x00000000d9580000, 0x0000000100000000)
  eden space 40448K, 100% used [0x00000000d5c00000,0x00000000d8380000,0x00000000d8380000)
  from space 7168K, 99% used [0x00000000d8c00000,0x00000000d92f9e88,0x00000000d9300000)
  to   space 8704K, 0% used [0x00000000d8380000,0x00000000d8380000,0x00000000d8c00000)
 ParOldGen       total 122880K, used 30437K [0x0000000081400000, 0x0000000088c00000, 0x00000000d5c00000)
  object space 122880K, 24% used [0x0000000081400000,0x00000000831b9660,0x0000000088c00000)
 Metaspace       used 79405K, capacity 85117K, committed 85376K, reserved 1124352K
  class space    used 9515K, capacity 10435K, committed 10624K, reserved 1048576K
Event: 26382.595 GC heap after
Heap after GC invocations=2229 (full 6):
 PSYoungGen      total 49152K, used 8679K [0x00000000d5c00000, 0x00000000d9e80000, 0x0000000100000000)
  eden space 40448K, 0% used [0x00000000d5c00000,0x00000000d5c00000,0x00000000d8380000)
  from space 8704K, 99% used [0x00000000d8380000,0x00000000d8bf9e98,0x00000000d8c00000)
  to   space 11264K, 0% used [0x00000000d9380000,0x00000000d9380000,0x00000000d9e80000)
 ParOldGen       total 122880K, used 32757K [0x0000000081400000, 0x0000000088c00000, 0x00000000d5c00000)
  object space 122880K, 26% used [0x0000000081400000,0x00000000833fd670,0x0000000088c00000)
 Metaspace       used 79405K, capacity 85117K, committed 85376K, reserved 1124352K
  class space    used 9515K, capacity 10435K, committed 10624K, reserved 1048576K
}

