# JRE version: Java(TM) SE Runtime Environment (8.0_202-b08) (build 1.8.0_202-b08)
# Java VM: Java HotSpot(TM) 64-Bit Server VM (25.202-b08 mixed mode windows-amd64 compressed oops)
Heap:
 PSYoungGen      total 677888K, used 1680K [0x00000000d5c00000, 0x00000000ffc80000, 0x0000000100000000)
  eden space 668160K, 0% used [0x00000000d5c00000,0x00000000d5c00000,0x00000000fe880000)
  from space 9728K, 17% used [0x00000000ff300000,0x00000000ff4a4020,0x00000000ffc80000)
  to   space 10240K, 0% used [0x00000000fe880000,0x00000000fe880000,0x00000000ff280000)
 ParOldGen       total 155136K, used 45205K [0x0000000081400000, 0x000000008ab80000, 0x00000000d5c00000)
  object space 155136K, 29% used [0x0000000081400000,0x0000000084025770,0x000000008ab80000)
 Metaspace       used 105690K, capacity 111832K, committed 112256K, reserved 1150976K
  class space    used 10270K, capacity 11293K, committed 11392K, reserved 1048576K
GC Heap History (10 events):
Event: 348559.997 GC heap after
Heap after GC invocations=26959 (full 7):
 PSYoungGen      total 677376K, used 1328K [0x00000000d5c00000, 0x00000000ffd00000, 0x0000000100000000)
  eden space 667136K, 0% used [0x00000000d5c00000,0x00000000d5c00000,0x00000000fe780000)
  from space 10240K, 12% used [0x00000000ff200000,0x00000000ff34c010,0x00000000ffc00000)
  to   space 10752K, 0% used [0x00000000fe780000,0x00000000fe780000,0x00000000ff200000)
 ParOldGen       total 155136K, used 44653K [0x0000000081400000, 0x000000008ab80000, 0x00000000d5c00000)
  object space 155136K, 28% used [0x0000000081400000,0x0000000083f9b770,0x000000008ab80000)
 Metaspace       used 105313K, capacity 111476K, committed 112000K, reserved 1150976K
  class space    used 10245K, capacity 11270K, committed 11392K, reserved 1048576K
}
Event: 348775.837 GC heap before
{Heap before GC invocations=26960 (full 7):
 PSYoungGen      total 677376K, used 668464K [0x00000000d5c00000, 0x00000000ffd00000, 0x0000000100000000)
  eden space 667136K, 100% used [0x00000000d5c00000,0x00000000fe780000,0x00000000fe780000)
  from space 10240K, 12% used [0x00000000ff200000,0x00000000ff34c010,0x00000000ffc00000)
  to   space 10752K, 0% used [0x00000000fe780000,0x00000000fe780000,0x00000000ff200000)
 ParOldGen       total 155136K, used 44653K [0x0000000081400000, 0x000000008ab80000, 0x00000000d5c00000)
  object space 155136K, 28% used [0x0000000081400000,0x0000000083f9b770,0x000000008ab80000)
 Metaspace       used 105313K, capacity 111476K, committed 112000K, reserved 1150976K
  class space    used 10245K, capacity 11270K, committed 11392K, reserved 1048576K
Event: 348775.845 GC heap after
Heap after GC invocations=26960 (full 7):
 PSYoungGen      total 677888K, used 800K [0x00000000d5c00000, 0x00000000ffd00000, 0x0000000100000000)
  eden space 667136K, 0% used [0x00000000d5c00000,0x00000000d5c00000,0x00000000fe780000)
  from space 10752K, 7% used [0x00000000fe780000,0x00000000fe848000,0x00000000ff200000)
  to   space 10752K, 0% used [0x00000000ff280000,0x00000000ff280000,0x00000000ffd00000)
 ParOldGen       total 155136K, used 45189K [0x0000000081400000, 0x000000008ab80000, 0x00000000d5c00000)
  object space 155136K, 29% used [0x0000000081400000,0x0000000084021770,0x000000008ab80000)
 Metaspace       used 105313K, capacity 111476K, committed 112000K, reserved 1150976K
  class space    used 10245K, capacity 11270K, committed 11392K, reserved 1048576K
}
Event: 348991.390 GC heap before
{Heap before GC invocations=26961 (full 7):
 PSYoungGen      total 677888K, used 667936K [0x00000000d5c00000, 0x00000000ffd00000, 0x0000000100000000)
  eden space 667136K, 100% used [0x00000000d5c00000,0x00000000fe780000,0x00000000fe780000)
  from space 10752K, 7% used [0x00000000fe780000,0x00000000fe848000,0x00000000ff200000)
  to   space 10752K, 0% used [0x00000000ff280000,0x00000000ff280000,0x00000000ffd00000)
 ParOldGen       total 155136K, used 45189K [0x0000000081400000, 0x000000008ab80000, 0x00000000d5c00000)
  object space 155136K, 29% used [0x0000000081400000,0x0000000084021770,0x000000008ab80000)
 Metaspace       used 105313K, capacity 111476K, committed 112000K, reserved 1150976K
  class space    used 10245K, capacity 11270K, committed 11392K, reserved 1048576K
Event: 348991.394 GC heap after
Heap after GC invocations=26961 (full 7):
 PSYoungGen      total 678400K, used 288K [0x00000000d5c00000, 0x00000000ffd00000, 0x0000000100000000)
  eden space 667648K, 0% used [0x00000000d5c00000,0x00000000d5c00000,0x00000000fe800000)
  from space 10752K, 2% used [0x00000000ff280000,0x00000000ff2c8000,0x00000000ffd00000)
  to   space 10752K, 0% used [0x00000000fe800000,0x00000000fe800000,0x00000000ff280000)
 ParOldGen       total 155136K, used 45189K [0x0000000081400000, 0x000000008ab80000, 0x00000000d5c00000)
  object space 155136K, 29% used [0x0000000081400000,0x0000000084021770,0x000000008ab80000)
 Metaspace       used 105313K, capacity 111476K, committed 112000K, reserved 1150976K
  class space    used 10245K, capacity 11270K, committed 11392K, reserved 1048576K
}
Event: 349197.890 GC heap before
{Heap before GC invocations=26962 (full 7):
 PSYoungGen      total 678400K, used 667936K [0x00000000d5c00000, 0x00000000ffd00000, 0x0000000100000000)
  eden space 667648K, 100% used [0x00000000d5c00000,0x00000000fe800000,0x00000000fe800000)
  from space 10752K, 2% used [0x00000000ff280000,0x00000000ff2c8000,0x00000000ffd00000)
  to   space 10752K, 0% used [0x00000000fe800000,0x00000000fe800000,0x00000000ff280000)
 ParOldGen       total 155136K, used 45189K [0x0000000081400000, 0x000000008ab80000, 0x00000000d5c00000)
  object space 155136K, 29% used [0x0000000081400000,0x0000000084021770,0x000000008ab80000)
 Metaspace       used 105473K, capacity 111698K, committed 112000K, reserved 1150976K
  class space    used 10267K, capacity 11291K, committed 11392K, reserved 1048576K
Event: 349197.904 GC heap after
Heap after GC invocations=26962 (full 7):
 PSYoungGen      total 678400K, used 2752K [0x00000000d5c00000, 0x00000000ffd80000, 0x0000000100000000)
  eden space 667648K, 0% used [0x00000000d5c00000,0x00000000d5c00000,0x00000000fe800000)
  from space 10752K, 25% used [0x00000000fe800000,0x00000000feab00d0,0x00000000ff280000)
  to   space 10752K, 0% used [0x00000000ff300000,0x00000000ff300000,0x00000000ffd80000)
 ParOldGen       total 155136K, used 45197K [0x0000000081400000, 0x000000008ab80000, 0x00000000d5c00000)
  object space 155136K, 29% used [0x0000000081400000,0x0000000084023770,0x000000008ab80000)
 Metaspace       used 105473K, capacity 111698K, committed 112000K, reserved 1150976K
  class space    used 10267K, capacity 11291K, committed 11392K, reserved 1048576K
}
Event: 349265.628 GC heap before
{Heap before GC invocations=26963 (full 7):
 PSYoungGen      total 678400K, used 222760K [0x00000000d5c00000, 0x00000000ffd80000, 0x0000000100000000)
  eden space 667648K, 32% used [0x00000000d5c00000,0x00000000e32da1e8,0x00000000fe800000)
  from space 10752K, 25% used [0x00000000fe800000,0x00000000feab00d0,0x00000000ff280000)
  to   space 10752K, 0% used [0x00000000ff300000,0x00000000ff300000,0x00000000ffd80000)
 ParOldGen       total 155136K, used 45197K [0x0000000081400000, 0x000000008ab80000, 0x00000000d5c00000)
  object space 155136K, 29% used [0x0000000081400000,0x0000000084023770,0x000000008ab80000)
 Metaspace       used 105690K, capacity 111832K, committed 112256K, reserved 1150976K
  class space    used 10270K, capacity 11293K, committed 11392K, reserved 1048576K
Event: 349265.632 GC heap after
Heap after GC invocations=26963 (full 7):
 PSYoungGen      total 677888K, used 1680K [0x00000000d5c00000, 0x00000000ffc80000, 0x0000000100000000)
  eden space 668160K, 0% used [0x00000000d5c00000,0x00000000d5c00000,0x00000000fe880000)
  from space 9728K, 17% used [0x00000000ff300000,0x00000000ff4a4020,0x00000000ffc80000)
  to   space 10240K, 0% used [0x00000000fe880000,0x00000000fe880000,0x00000000ff280000)
 ParOldGen       total 155136K, used 45205K [0x0000000081400000, 0x000000008ab80000, 0x00000000d5c00000)
  object space 155136K, 29% used [0x0000000081400000,0x0000000084025770,0x000000008ab80000)
 Metaspace       used 105690K, capacity 111832K, committed 112256K, reserved 1150976K
  class space    used 10270K, capacity 11293K, committed 11392K, reserved 1048576K
}
Event: 349265.632 GC heap before
{Heap before GC invocations=26964 (full 8):
 PSYoungGen      total 677888K, used 1680K [0x00000000d5c00000, 0x00000000ffc80000, 0x0000000100000000)
  eden space 668160K, 0% used [0x00000000d5c00000,0x00000000d5c00000,0x00000000fe880000)
  from space 9728K, 17% used [0x00000000ff300000,0x00000000ff4a4020,0x00000000ffc80000)
  to   space 10240K, 0% used [0x00000000fe880000,0x00000000fe880000,0x00000000ff280000)
 ParOldGen       total 155136K, used 45205K [0x0000000081400000, 0x000000008ab80000, 0x00000000d5c00000)
  object space 155136K, 29% used [0x0000000081400000,0x0000000084025770,0x000000008ab80000)
 Metaspace       used 105690K, capacity 111832K, committed 112256K, reserved 1150976K
  class space    used 10270K, capacity 11293K, committed 11392K, reserved 1048576K

